Flow report for TEC498_CONTROLADOR
Wed Sep 13 12:57:11 2023
Quartus Prime Version 20.1.1 Build 720 11/11/2020 SJ Lite Edition


---------------------
; Table of Contents ;
---------------------
  1. Legal Notice
  2. Flow Summary
  3. Flow Settings
  4. Flow Non-Default Global Settings
  5. Flow Elapsed Time
  6. Flow OS Summary
  7. Flow Log
  8. Flow Messages
  9. Flow Suppressed Messages



----------------
; Legal Notice ;
----------------
Copyright (C) 2020  Intel Corporation. All rights reserved.
Your use of Intel Corporation's design tools, logic functions 
and other software and tools, and any partner logic 
functions, and any output files from any of the foregoing 
(including device programming or simulation files), and any 
associated documentation or information are expressly subject 
to the terms and conditions of the Intel Program License 
Subscription Agreement, the Intel Quartus Prime License Agreement,
the Intel FPGA IP License Agreement, or other applicable license
agreement, including, without limitation, that your use is for
the sole purpose of programming logic devices manufactured by
Intel and sold by Intel or its authorized distributors.  Please
refer to the applicable agreement for further details, at
https://fpgasoftware.intel.com/eula.



+---------------------------------------------------------------------+
; Flow Summary                                                        ;
+-----------------------+---------------------------------------------+
; Flow Status           ; Successful - Wed Sep 13 12:57:09 2023       ;
; Quartus Prime Version ; 20.1.1 Build 720 11/11/2020 SJ Lite Edition ;
; Revision Name         ; TEC498_CONTROLADOR                          ;
; Top-level Entity Name ; main_circuit                                ;
; Family                ; MAX II                                      ;
; Device                ; EPM240T100C5                                ;
; Timing Models         ; Final                                       ;
; Total logic elements  ; 94 / 240 ( 39 % )                           ;
; Total pins            ; 39 / 80 ( 49 % )                            ;
; Total virtual pins    ; 0                                           ;
; UFM blocks            ; 0 / 1 ( 0 % )                               ;
+-----------------------+---------------------------------------------+


+-----------------------------------------+
; Flow Settings                           ;
+-------------------+---------------------+
; Option            ; Setting             ;
+-------------------+---------------------+
; Start date & time ; 09/13/2023 12:56:57 ;
; Main task         ; Compilation         ;
; Revision Name     ; TEC498_CONTROLADOR  ;
+-------------------+---------------------+


+------------------------------------------------------------------------------------------------------------+
; Flow Non-Default Global Settings                                                                           ;
+--------------------------+---------------------------------+--------------------+-------------+------------+
; Assignment Name          ; Value                           ; Default Value      ; Entity Name ; Section Id ;
+--------------------------+---------------------------------+--------------------+-------------+------------+
; COMPILER_SIGNATURE_ID    ; 159209604667221.169462061702182 ; --                 ; --          ; --         ;
; MAX_CORE_JUNCTION_TEMP   ; 85                              ; --                 ; --          ; --         ;
; MIN_CORE_JUNCTION_TEMP   ; 0                               ; --                 ; --          ; --         ;
; PROJECT_OUTPUT_DIRECTORY ; output_files                    ; --                 ; --          ; --         ;
; TOP_LEVEL_ENTITY         ; main_circuit                    ; TEC498_CONTROLADOR ; --          ; --         ;
+--------------------------+---------------------------------+--------------------+-------------+------------+


+--------------------------------------------------------------------------------------------------------------------------+
; Flow Elapsed Time                                                                                                        ;
+----------------------+--------------+-------------------------+---------------------+------------------------------------+
; Module Name          ; Elapsed Time ; Average Processors Used ; Peak Virtual Memory ; Total CPU Time (on all processors) ;
+----------------------+--------------+-------------------------+---------------------+------------------------------------+
; Analysis & Synthesis ; 00:00:07     ; 1.0                     ; 341 MB              ; 00:00:12                           ;
; Fitter               ; 00:00:03     ; 1.0                     ; 967 MB              ; 00:00:01                           ;
; Assembler            ; 00:00:00     ; 1.0                     ; 326 MB              ; 00:00:00                           ;
; Timing Analyzer      ; 00:00:01     ; 1.0                     ; 344 MB              ; 00:00:00                           ;
; Total                ; 00:00:11     ; --                      ; --                  ; 00:00:13                           ;
+----------------------+--------------+-------------------------+---------------------+------------------------------------+


+----------------------------------------------------------------------------------------+
; Flow OS Summary                                                                        ;
+----------------------+------------------+----------------+------------+----------------+
; Module Name          ; Machine Hostname ; OS Name        ; OS Version ; Processor type ;
+----------------------+------------------+----------------+------------+----------------+
; Analysis & Synthesis ; LEDS-45032       ; Ubuntu 20.04.6 ; 20         ; x86_64         ;
; Fitter               ; LEDS-45032       ; Ubuntu 20.04.6 ; 20         ; x86_64         ;
; Assembler            ; LEDS-45032       ; Ubuntu 20.04.6 ; 20         ; x86_64         ;
; Timing Analyzer      ; LEDS-45032       ; Ubuntu 20.04.6 ; 20         ; x86_64         ;
+----------------------+------------------+----------------+------------+----------------+


------------
; Flow Log ;
------------
quartus_map --read_settings_files=on --write_settings_files=off TEC498_CONTROLADOR -c TEC498_CONTROLADOR
quartus_fit --read_settings_files=off --write_settings_files=off TEC498_CONTROLADOR -c TEC498_CONTROLADOR
quartus_asm --read_settings_files=off --write_settings_files=off TEC498_CONTROLADOR -c TEC498_CONTROLADOR
quartus_sta TEC498_CONTROLADOR -c TEC498_CONTROLADOR



